<?xml version="1.0" encoding="UTF-8"?>
<testsuite name="Scenario: Just a failing scenario" tests="2" skipped="0" failures="0" errors="0" timestamp="2017-10-18T09:22:00" hostname="xxj.local" time="0.001">
  <properties/>
  <testcase name="When I run a failing step" classname="Scenario: Just a failing scenario" time="0.0"/>
  <testcase name="classMethod" classname="Scenario: Just a failing scenario" time="0.093"/>
  <system-out><![CDATA[************
]]></system-out>
  <system-err><![CDATA[]]></system-err>
</testsuite>
