<?xml version="1.0" encoding="UTF-8"?>
<testsuite name="Scenario: Just a failing scenario" tests="2" skipped="0" failures="0" errors="0" timestamp="2017-10-19T06:01:53" hostname="xxj.local" time="0.073">
  <properties/>
  <testcase name="When I run a failing step" classname="Scenario: Just a failing scenario" time="0.0"/>
  <testcase name="classMethod" classname="Scenario: Just a failing scenario" time="1.275"/>
  <system-out><![CDATA[Called openBrowser
************
]]></system-out>
  <system-err><![CDATA[Starting ChromeDriver 2.33.506106 (8a06c39c4582fbfbab6966dbb1c38a9173bfb1a2) on port 39836
Only local connections are allowed.
Oct 19, 2017 2:01:53 PM org.openqa.selenium.remote.ProtocolHandshake createSession
INFO: Detected dialect: OSS
]]></system-err>
</testsuite>
